  ChineseFan.cpp
C:\Users\votef\source\repos\ChineseFan\ChineseFan\ChineseFan.h(1,1): error C2059: syntax error: 'constant'
C:\Users\votef\source\repos\ChineseFan\ChineseFan\ChineseFan.h(1,3): error C2014: preprocessor command must start as first nonwhite space
C:\Program Files (x86)\Microsoft Visual Studio\2019\Professional\VC\Tools\MSVC\14.29.30133\include\GL\freeglut_std.h(32,16): error C2143: syntax error: missing ';' before '{'
C:\Program Files (x86)\Microsoft Visual Studio\2019\Professional\VC\Tools\MSVC\14.29.30133\include\GL\freeglut_std.h(32,16): error C2447: '{': missing function header (old-style formal list?)
C:\Program Files (x86)\Windows Kits\10\Include\10.0.19041.0\um\winnt.h(1124,9): warning C4164: '_rotl': intrinsic function not declared
C:\Program Files (x86)\Windows Kits\10\Include\10.0.19041.0\um\winnt.h(1125,9): warning C4164: '_rotl64': intrinsic function not declared
C:\Program Files (x86)\Windows Kits\10\Include\10.0.19041.0\um\winnt.h(1126,9): warning C4164: '_rotr': intrinsic function not declared
C:\Program Files (x86)\Windows Kits\10\Include\10.0.19041.0\um\winnt.h(1127,9): warning C4164: '_rotr64': intrinsic function not declared
C:\Program Files (x86)\Windows Kits\10\Include\10.0.19041.0\um\winnt.h(6455,9): warning C4164: '__int2c': intrinsic function not declared
C:\Program Files (x86)\Windows Kits\10\Include\10.0.19041.0\um\winnt.h(6665,9): warning C4164: '_bittest': intrinsic function not declared
C:\Program Files (x86)\Windows Kits\10\Include\10.0.19041.0\um\winnt.h(6666,9): warning C4164: '_bittestandcomplement': intrinsic function not declared
C:\Program Files (x86)\Windows Kits\10\Include\10.0.19041.0\um\winnt.h(6667,9): warning C4164: '_bittestandset': intrinsic function not declared
C:\Program Files (x86)\Windows Kits\10\Include\10.0.19041.0\um\winnt.h(6668,9): warning C4164: '_bittestandreset': intrinsic function not declared
C:\Program Files (x86)\Windows Kits\10\Include\10.0.19041.0\um\winnt.h(6669,9): warning C4164: '_interlockedbittestandset': intrinsic function not declared
C:\Program Files (x86)\Windows Kits\10\Include\10.0.19041.0\um\winnt.h(6670,9): warning C4164: '_interlockedbittestandreset': intrinsic function not declared
C:\Program Files (x86)\Windows Kits\10\Include\10.0.19041.0\um\winnt.h(6792,9): warning C4164: '_InterlockedIncrement16': intrinsic function not declared
C:\Program Files (x86)\Windows Kits\10\Include\10.0.19041.0\um\winnt.h(6793,9): warning C4164: '_InterlockedDecrement16': intrinsic function not declared
C:\Program Files (x86)\Windows Kits\10\Include\10.0.19041.0\um\winnt.h(6794,9): warning C4164: '_InterlockedCompareExchange16': intrinsic function not declared
C:\Program Files (x86)\Windows Kits\10\Include\10.0.19041.0\um\winnt.h(6795,9): warning C4164: '_InterlockedCompareExchange64': intrinsic function not declared
C:\Program Files (x86)\Windows Kits\10\Include\10.0.19041.0\um\winnt.h(6958,9): warning C4164: '_InterlockedAnd': intrinsic function not declared
C:\Program Files (x86)\Windows Kits\10\Include\10.0.19041.0\um\winnt.h(6959,9): warning C4164: '_InterlockedOr': intrinsic function not declared
C:\Program Files (x86)\Windows Kits\10\Include\10.0.19041.0\um\winnt.h(6960,9): warning C4164: '_InterlockedXor': intrinsic function not declared
C:\Program Files (x86)\Windows Kits\10\Include\10.0.19041.0\um\winnt.h(6961,9): warning C4164: '_InterlockedIncrement': intrinsic function not declared
C:\Program Files (x86)\Windows Kits\10\Include\10.0.19041.0\um\winnt.h(6962,9): warning C4164: '_InterlockedDecrement': intrinsic function not declared
C:\Program Files (x86)\Windows Kits\10\Include\10.0.19041.0\um\winnt.h(6963,9): warning C4164: '_InterlockedExchange': intrinsic function not declared
C:\Program Files (x86)\Windows Kits\10\Include\10.0.19041.0\um\winnt.h(6964,9): warning C4164: '_InterlockedExchangeAdd': intrinsic function not declared
C:\Program Files (x86)\Windows Kits\10\Include\10.0.19041.0\um\winnt.h(6965,9): warning C4164: '_InterlockedCompareExchange': intrinsic function not declared
C:\Program Files (x86)\Windows Kits\10\Include\10.0.19041.0\um\winnt.h(6986,9): warning C4164: '_InterlockedExchange8': intrinsic function not declared
C:\Program Files (x86)\Windows Kits\10\Include\10.0.19041.0\um\winnt.h(6987,9): warning C4164: '_InterlockedExchange16': intrinsic function not declared
C:\Program Files (x86)\Windows Kits\10\Include\10.0.19041.0\um\winnt.h(7063,9): warning C4164: '_InterlockedExchangeAdd8': intrinsic function not declared
C:\Program Files (x86)\Windows Kits\10\Include\10.0.19041.0\um\winnt.h(7064,9): warning C4164: '_InterlockedAnd8': intrinsic function not declared
C:\Program Files (x86)\Windows Kits\10\Include\10.0.19041.0\um\winnt.h(7065,9): warning C4164: '_InterlockedOr8': intrinsic function not declared
C:\Program Files (x86)\Windows Kits\10\Include\10.0.19041.0\um\winnt.h(7066,9): warning C4164: '_InterlockedXor8': intrinsic function not declared
C:\Program Files (x86)\Windows Kits\10\Include\10.0.19041.0\um\winnt.h(7067,9): warning C4164: '_InterlockedAnd16': intrinsic function not declared
C:\Program Files (x86)\Windows Kits\10\Include\10.0.19041.0\um\winnt.h(7068,9): warning C4164: '_InterlockedOr16': intrinsic function not declared
C:\Program Files (x86)\Windows Kits\10\Include\10.0.19041.0\um\winnt.h(7069,9): warning C4164: '_InterlockedXor16': intrinsic function not declared
C:\Program Files (x86)\Windows Kits\10\Include\10.0.19041.0\um\winnt.h(7070,9): warning C4164: '_InterlockedCompareExchange16': intrinsic function not declared
C:\Program Files (x86)\Windows Kits\10\Include\10.0.19041.0\um\winnt.h(7071,9): warning C4164: '_InterlockedIncrement16': intrinsic function not declared
C:\Program Files (x86)\Windows Kits\10\Include\10.0.19041.0\um\winnt.h(7072,9): warning C4164: '_InterlockedDecrement16': intrinsic function not declared
C:\Program Files (x86)\Windows Kits\10\Include\10.0.19041.0\um\winnt.h(7150,9): warning C4164: '_InterlockedXor': intrinsic function not declared
C:\Program Files (x86)\Windows Kits\10\Include\10.0.19041.0\um\winnt.h(7321,9): warning C4164: '__incfsbyte': intrinsic function not declared
C:\Program Files (x86)\Windows Kits\10\Include\10.0.19041.0\um\winnt.h(7322,9): warning C4164: '__addfsbyte': intrinsic function not declared
C:\Program Files (x86)\Windows Kits\10\Include\10.0.19041.0\um\winnt.h(7323,9): warning C4164: '__incfsword': intrinsic function not declared
C:\Program Files (x86)\Windows Kits\10\Include\10.0.19041.0\um\winnt.h(7324,9): warning C4164: '__addfsword': intrinsic function not declared
C:\Program Files (x86)\Windows Kits\10\Include\10.0.19041.0\um\winnt.h(7325,9): warning C4164: '__incfsdword': intrinsic function not declared
C:\Program Files (x86)\Windows Kits\10\Include\10.0.19041.0\um\winnt.h(7326,9): warning C4164: '__addfsdword': intrinsic function not declared
C:\Program Files (x86)\Windows Kits\10\Include\10.0.19041.0\um\winnt.h(7349,9): warning C4164: '__cpuidex': intrinsic function not declared
C:\Program Files (x86)\Windows Kits\10\Include\10.0.19041.0\um\winnt.h(7392,9): warning C4164: '__readfsbyte': intrinsic function not declared
C:\Program Files (x86)\Windows Kits\10\Include\10.0.19041.0\um\winnt.h(7393,9): warning C4164: '__readfsword': intrinsic function not declared
C:\Program Files (x86)\Windows Kits\10\Include\10.0.19041.0\um\winnt.h(7394,9): warning C4164: '__readfsdword': intrinsic function not declared
C:\Program Files (x86)\Windows Kits\10\Include\10.0.19041.0\um\winnt.h(7395,9): warning C4164: '__writefsbyte': intrinsic function not declared
C:\Program Files (x86)\Windows Kits\10\Include\10.0.19041.0\um\winnt.h(7396,9): warning C4164: '__writefsword': intrinsic function not declared
C:\Program Files (x86)\Windows Kits\10\Include\10.0.19041.0\um\winnt.h(7397,9): warning C4164: '__writefsdword': intrinsic function not declared
C:\Program Files (x86)\Windows Kits\10\Include\10.0.19041.0\um\winnt.h(7408,9): warning C4164: '_mm_pause': intrinsic function not declared
C:\Program Files (x86)\Windows Kits\10\Include\10.0.19041.0\um\winnt.h(7464,9): warning C4164: '_mm_prefetch': intrinsic function not declared
C:\Program Files (x86)\Windows Kits\10\Include\10.0.19041.0\um\winnt.h(7492,9): warning C4164: '__readpmc': intrinsic function not declared
C:\Program Files (x86)\Windows Kits\10\Include\10.0.19041.0\um\winnt.h(7505,9): warning C4164: '__rdtsc': intrinsic function not declared
C:\Program Files (x86)\Windows Kits\10\Include\10.0.19041.0\um\winnt.h(20169,9): warning C4164: '__fastfail': intrinsic function not declared
C:\Program Files (x86)\Microsoft Visual Studio\2019\Professional\VC\Tools\MSVC\14.29.30133\include\GL\freeglut_ext.h(158,49): warning C4229: anachronism used: modifiers on data are ignored
C:\Program Files (x86)\Microsoft Visual Studio\2019\Professional\VC\Tools\MSVC\14.29.30133\include\GL\freeglut_ext.h(158,26): error C2182: 'glutSetOption': illegal use of type 'void'
C:\Program Files (x86)\Microsoft Visual Studio\2019\Professional\VC\Tools\MSVC\14.29.30133\include\GL\freeglut_ext.h(158,49): error C2491: 'glutSetOption': definition of dllimport data not allowed
C:\Program Files (x86)\Microsoft Visual Studio\2019\Professional\VC\Tools\MSVC\14.29.30133\include\GL\freeglut_ext.h(158,42): error C2065: 'GLenum': undeclared identifier
C:\Program Files (x86)\Microsoft Visual Studio\2019\Professional\VC\Tools\MSVC\14.29.30133\include\GL\freeglut_ext.h(158,49): error C2146: syntax error: missing ')' before identifier 'option_flag'
C:\Program Files (x86)\Microsoft Visual Studio\2019\Professional\VC\Tools\MSVC\14.29.30133\include\GL\freeglut_ext.h(159,51): warning C4229: anachronism used: modifiers on data are ignored
C:\Program Files (x86)\Microsoft Visual Studio\2019\Professional\VC\Tools\MSVC\14.29.30133\include\GL\freeglut_ext.h(159,51): error C2491: 'glutGetModeValues': definition of dllimport data not allowed
C:\Program Files (x86)\Microsoft Visual Studio\2019\Professional\VC\Tools\MSVC\14.29.30133\include\GL\freeglut_ext.h(159,44): error C2065: 'GLenum': undeclared identifier
C:\Program Files (x86)\Microsoft Visual Studio\2019\Professional\VC\Tools\MSVC\14.29.30133\include\GL\freeglut_ext.h(159,51): error C2146: syntax error: missing ')' before identifier 'mode'
C:\Program Files (x86)\Microsoft Visual Studio\2019\Professional\VC\Tools\MSVC\14.29.30133\include\GL\freeglut_ext.h(170,15): error C2143: syntax error: missing ';' before '__stdcall'
C:\Program Files (x86)\Microsoft Visual Studio\2019\Professional\VC\Tools\MSVC\14.29.30133\include\GL\freeglut_ext.h(170,15): error C4430: missing type specifier - int assumed. Note: C++ does not support default-int
C:\Program Files (x86)\Microsoft Visual Studio\2019\Professional\VC\Tools\MSVC\14.29.30133\include\GL\freeglut_ext.h(170,56): error C4430: missing type specifier - int assumed. Note: C++ does not support default-int
C:\Program Files (x86)\Microsoft Visual Studio\2019\Professional\VC\Tools\MSVC\14.29.30133\include\GL\freeglut_ext.h(181,74): error C2061: syntax error: identifier 'GLint'
C:\Program Files (x86)\Microsoft Visual Studio\2019\Professional\VC\Tools\MSVC\14.29.30133\include\GL\freeglut_ext.h(182,75): error C2061: syntax error: identifier 'GLint'
C:\Program Files (x86)\Microsoft Visual Studio\2019\Professional\VC\Tools\MSVC\14.29.30133\include\GL\freeglut_ext.h(243,50): warning C4229: anachronism used: modifiers on data are ignored
C:\Program Files (x86)\Microsoft Visual Studio\2019\Professional\VC\Tools\MSVC\14.29.30133\include\GL\freeglut_ext.h(243,26): error C2182: 'glutInitErrorFunc': illegal use of type 'void'
C:\Program Files (x86)\Microsoft Visual Studio\2019\Professional\VC\Tools\MSVC\14.29.30133\include\GL\freeglut_ext.h(243,50): error C2491: 'glutInitErrorFunc': definition of dllimport data not allowed
C:\Program Files (x86)\Microsoft Visual Studio\2019\Professional\VC\Tools\MSVC\14.29.30133\include\GL\freeglut_ext.h(243,53): error C2065: 'callback': undeclared identifier
C:\Program Files (x86)\Microsoft Visual Studio\2019\Professional\VC\Tools\MSVC\14.29.30133\include\GL\freeglut_ext.h(243,64): error C2143: syntax error: missing ')' before 'const'
C:\Program Files (x86)\Microsoft Visual Studio\2019\Professional\VC\Tools\MSVC\14.29.30133\include\GL\freeglut_ext.h(243,64): error C2059: syntax error: 'const'
C:\Program Files (x86)\Microsoft Visual Studio\2019\Professional\VC\Tools\MSVC\14.29.30133\include\GL\freeglut_ext.h(243,50): error C2059: syntax error: ')'
C:\Program Files (x86)\Microsoft Visual Studio\2019\Professional\VC\Tools\MSVC\14.29.30133\include\GL\freeglut_ext.h(244,52): warning C4229: anachronism used: modifiers on data are ignored
C:\Program Files (x86)\Microsoft Visual Studio\2019\Professional\VC\Tools\MSVC\14.29.30133\include\GL\freeglut_ext.h(244,26): error C2182: 'glutInitWarningFunc': illegal use of type 'void'
C:\Program Files (x86)\Microsoft Visual Studio\2019\Professional\VC\Tools\MSVC\14.29.30133\include\GL\freeglut_ext.h(244,52): error C2491: 'glutInitWarningFunc': definition of dllimport data not allowed
C:\Program Files (x86)\Microsoft Visual Studio\2019\Professional\VC\Tools\MSVC\14.29.30133\include\GL\freeglut_ext.h(244,55): error C2065: 'callback': undeclared identifier
C:\Program Files (x86)\Microsoft Visual Studio\2019\Professional\VC\Tools\MSVC\14.29.30133\include\GL\freeglut_ext.h(244,66): error C2143: syntax error: missing ')' before 'const'
C:\Program Files (x86)\Microsoft Visual Studio\2019\Professional\VC\Tools\MSVC\14.29.30133\include\GL\freeglut_ext.h(244,66): error C2059: syntax error: 'const'
C:\Program Files (x86)\Microsoft Visual Studio\2019\Professional\VC\Tools\MSVC\14.29.30133\include\GL\freeglut_ext.h(244,52): error C2059: syntax error: ')'
C:\Program Files (x86)\Microsoft Visual Studio\2019\Professional\VC\Tools\MSVC\14.29.30133\include\GL\freeglut_ext.h(247,58): warning C4229: anachronism used: modifiers on data are ignored
C:\Program Files (x86)\Microsoft Visual Studio\2019\Professional\VC\Tools\MSVC\14.29.30133\include\GL\freeglut_ext.h(247,26): error C2182: 'glutSetVertexAttribCoord3': illegal use of type 'void'
C:\Program Files (x86)\Microsoft Visual Studio\2019\Professional\VC\Tools\MSVC\14.29.30133\include\GL\freeglut_ext.h(247,58): error C2491: 'glutSetVertexAttribCoord3': definition of dllimport data not allowed
C:\Program Files (x86)\Microsoft Visual Studio\2019\Professional\VC\Tools\MSVC\14.29.30133\include\GL\freeglut_ext.h(247,52): error C2065: 'GLint': undeclared identifier
C:\Program Files (x86)\Microsoft Visual Studio\2019\Professional\VC\Tools\MSVC\14.29.30133\include\GL\freeglut_ext.h(247,58): error C2146: syntax error: missing ')' before identifier 'attrib'
C:\Program Files (x86)\Microsoft Visual Studio\2019\Professional\VC\Tools\MSVC\14.29.30133\include\GL\freeglut_ext.h(248,58): warning C4229: anachronism used: modifiers on data are ignored
C:\Program Files (x86)\Microsoft Visual Studio\2019\Professional\VC\Tools\MSVC\14.29.30133\include\GL\freeglut_ext.h(248,26): error C2182: 'glutSetVertexAttribNormal': illegal use of type 'void'
C:\Program Files (x86)\Microsoft Visual Studio\2019\Professional\VC\Tools\MSVC\14.29.30133\include\GL\freeglut_ext.h(248,58): error C2491: 'glutSetVertexAttribNormal': definition of dllimport data not allowed
C:\Program Files (x86)\Microsoft Visual Studio\2019\Professional\VC\Tools\MSVC\14.29.30133\include\GL\freeglut_ext.h(248,52): error C2065: 'GLint': undeclared identifier
C:\Program Files (x86)\Microsoft Visual Studio\2019\Professional\VC\Tools\MSVC\14.29.30133\include\GL\freeglut_ext.h(248,58): error C2146: syntax error: missing ')' before identifier 'attrib'
C:\Program Files (x86)\Microsoft Visual Studio\2019\Professional\VC\Tools\MSVC\14.29.30133\include\GL\freeglut_ext.h(249,61): warning C4229: anachronism used: modifiers on data are ignored
C:\Program Files (x86)\Microsoft Visual Studio\2019\Professional\VC\Tools\MSVC\14.29.30133\include\GL\freeglut_ext.h(249,26): error C2182: 'glutSetVertexAttribTexCoord2': illegal use of type 'void'
C:\Program Files (x86)\Microsoft Visual Studio\2019\Professional\VC\Tools\MSVC\14.29.30133\include\GL\freeglut_ext.h(249,61): error C2491: 'glutSetVertexAttribTexCoord2': definition of dllimport data not allowed
C:\Program Files (x86)\Microsoft Visual Studio\2019\Professional\VC\Tools\MSVC\14.29.30133\include\GL\freeglut_ext.h(249,55): error C2065: 'GLint': undeclared identifier
C:\Program Files (x86)\Microsoft Visual Studio\2019\Professional\VC\Tools\MSVC\14.29.30133\include\GL\freeglut_ext.h(249,61): error C2146: syntax error: missing ')' before identifier 'attrib'
C:\Program Files (x86)\Windows Kits\10\Include\10.0.19041.0\ucrt\corecrt_wstdio.h(51,21): error C2143: syntax error: missing ';' before '__cdecl'
C:\Program Files (x86)\Windows Kits\10\Include\10.0.19041.0\ucrt\corecrt_wstdio.h(51,21): error C4430: missing type specifier - int assumed. Note: C++ does not support default-int
C:\Program Files (x86)\Windows Kits\10\Include\10.0.19041.0\ucrt\corecrt_wstdio.h(53,10): error C4430: missing type specifier - int assumed. Note: C++ does not support default-int
C:\Program Files (x86)\Windows Kits\10\Include\10.0.19041.0\ucrt\corecrt_wstdio.h(56,21): error C2143: syntax error: missing ';' before '__cdecl'
C:\Program Files (x86)\Windows Kits\10\Include\10.0.19041.0\ucrt\corecrt_wstdio.h(56,21): error C4430: missing type specifier - int assumed. Note: C++ does not support default-int
C:\Program Files (x86)\Windows Kits\10\Include\10.0.19041.0\ucrt\corecrt_wstdio.h(56,45): error C4430: missing type specifier - int assumed. Note: C++ does not support default-int
C:\Program Files (x86)\Windows Kits\10\Include\10.0.19041.0\ucrt\corecrt_wstdio.h(59,21): error C2143: syntax error: missing ';' before '__cdecl'
C:\Program Files (x86)\Windows Kits\10\Include\10.0.19041.0\ucrt\corecrt_wstdio.h(59,21): error C4430: missing type specifier - int assumed. Note: C++ does not support default-int
C:\Program Files (x86)\Windows Kits\10\Include\10.0.19041.0\ucrt\corecrt_wstdio.h(61,33): error C4430: missing type specifier - int assumed. Note: C++ does not support default-int
C:\Program Files (x86)\Windows Kits\10\Include\10.0.19041.0\ucrt\corecrt_wstdio.h(64,21): error C2143: syntax error: missing ';' before '__cdecl'
C:\Program Files (x86)\Windows Kits\10\Include\10.0.19041.0\ucrt\corecrt_wstdio.h(64,21): error C4430: missing type specifier - int assumed. Note: C++ does not support default-int
C:\Program Files (x86)\Windows Kits\10\Include\10.0.19041.0\ucrt\corecrt_wstdio.h(65,10): error C4430: missing type specifier - int assumed. Note: C++ does not support default-int
C:\Program Files (x86)\Windows Kits\10\Include\10.0.19041.0\ucrt\corecrt_wstdio.h(69,21): error C2143: syntax error: missing ';' before '__cdecl'
C:\Program Files (x86)\Windows Kits\10\Include\10.0.19041.0\ucrt\corecrt_wstdio.h(69,21): error C4430: missing type specifier - int assumed. Note: C++ does not support default-int
C:\Program Files (x86)\Windows Kits\10\Include\10.0.19041.0\ucrt\corecrt_wstdio.h(71,10): error C4430: missing type specifier - int assumed. Note: C++ does not support default-int
C:\Program Files (x86)\Windows Kits\10\Include\10.0.19041.0\ucrt\corecrt_wstdio.h(74,21): error C2143: syntax error: missing ';' before '__cdecl'
C:\Program Files (x86)\Windows Kits\10\Include\10.0.19041.0\ucrt\corecrt_wstdio.h(74,21): error C4430: missing type specifier - int assumed. Note: C++ does not support default-int
C:\Program Files (x86)\Windows Kits\10\Include\10.0.19041.0\ucrt\corecrt_wstdio.h(74,43): error C4430: missing type specifier - int assumed. Note: C++ does not support default-int
C:\Program Files (x86)\Windows Kits\10\Include\10.0.19041.0\ucrt\corecrt_wstdio.h(105,21): error C2143: syntax error: missing ';' before '__cdecl'
C:\Program Files (x86)\Windows Kits\10\Include\10.0.19041.0\ucrt\corecrt_wstdio.h(105,21): error C4430: missing type specifier - int assumed. Note: C++ does not support default-int
C:\Program Files (x86)\Windows Kits\10\Include\10.0.19041.0\ucrt\corecrt_wstdio.h(108,10): error C4430: missing type specifier - int assumed. Note: C++ does not support default-int
C:\Program Files (x86)\Windows Kits\10\Include\10.0.19041.0\ucrt\corecrt_wstdio.h(111,21): error C2143: syntax error: missing ';' before '__cdecl'
C:\Program Files (x86)\Windows Kits\10\Include\10.0.19041.0\ucrt\corecrt_wstdio.h(111,21): error C4430: missing type specifier - int assumed. Note: C++ does not support default-int
C:\Program Files (x86)\Windows Kits\10\Include\10.0.19041.0\ucrt\corecrt_wstdio.h(112,10): error C4430: missing type specifier - int assumed. Note: C++ does not support default-int
C:\Program Files (x86)\Windows Kits\10\Include\10.0.19041.0\ucrt\corecrt_wstdio.h(121,21): error C2143: syntax error: missing ';' before '__cdecl'
C:\Program Files (x86)\Windows Kits\10\Include\10.0.19041.0\ucrt\corecrt_wstdio.h(121,21): error C4430: missing type specifier - int assumed. Note: C++ does not support default-int
C:\Program Files (x86)\Windows Kits\10\Include\10.0.19041.0\ucrt\corecrt_wstdio.h(122,24): warning C4229: anachronism used: modifiers on data are ignored
C:\Program Files (x86)\Windows Kits\10\Include\10.0.19041.0\ucrt\corecrt_wstdio.h(122,24): error C4430: missing type specifier - int assumed. Note: C++ does not support default-int
C:\Program Files (x86)\Windows Kits\10\Include\10.0.19041.0\ucrt\corecrt_wstdio.h(122,24): error C2146: syntax error: missing ')' before identifier '_Character'
C:\Program Files (x86)\Windows Kits\10\Include\10.0.19041.0\ucrt\corecrt_wstdio.h(139,22): error C2143: syntax error: missing ';' before '__cdecl'
C:\Program Files (x86)\Windows Kits\10\Include\10.0.19041.0\ucrt\corecrt_wstdio.h(139,22): error C4430: missing type specifier - int assumed. Note: C++ does not support default-int
C:\Program Files (x86)\Windows Kits\10\Include\10.0.19041.0\ucrt\corecrt_wstdio.h(143,10): error C4430: missing type specifier - int assumed. Note: C++ does not support default-int
C:\Program Files (x86)\Windows Kits\10\Include\10.0.19041.0\ucrt\corecrt_wstdio.h(154,22): error C2143: syntax error: missing ';' before '__cdecl'
C:\Program Files (x86)\Windows Kits\10\Include\10.0.19041.0\ucrt\corecrt_wstdio.h(154,22): error C4430: missing type specifier - int assumed. Note: C++ does not support default-int
C:\Program Files (x86)\Windows Kits\10\Include\10.0.19041.0\ucrt\corecrt_wstdio.h(159,10): error C4430: missing type specifier - int assumed. Note: C++ does not support default-int
C:\Program Files (x86)\Windows Kits\10\Include\10.0.19041.0\ucrt\corecrt_wstdio.h(199,22): error C2143: syntax error: missing ';' before '__cdecl'
C:\Program Files (x86)\Windows Kits\10\Include\10.0.19041.0\ucrt\corecrt_wstdio.h(199,22): error C4430: missing type specifier - int assumed. Note: C++ does not support default-int
C:\Program Files (x86)\Windows Kits\10\Include\10.0.19041.0\ucrt\corecrt_wstdio.h(201,10): error C4430: missing type specifier - int assumed. Note: C++ does not support default-int
C:\Program Files (x86)\Windows Kits\10\Include\10.0.19041.0\ucrt\corecrt_wstdio.h(204,1): error C2988: unrecognizable template declaration/definition
C:\Program Files (x86)\Windows Kits\10\Include\10.0.19041.0\ucrt\corecrt_wstdio.h(204,1): error C2143: syntax error: missing ';' before '__cdecl'
C:\Program Files (x86)\Windows Kits\10\Include\10.0.19041.0\ucrt\corecrt_wstdio.h(204,1): error C7525: inline variables require at least '/std:c++17'
C:\Program Files (x86)\Windows Kits\10\Include\10.0.19041.0\ucrt\corecrt_wstdio.h(204,1): error C4430: missing type specifier - int assumed. Note: C++ does not support default-int
C:\Program Files (x86)\Windows Kits\10\Include\10.0.19041.0\ucrt\corecrt_wstdio.h(204,1): error C2732: linkage specification contradicts earlier specification for 'errno_t'
C:\Program Files (x86)\Windows Kits\10\Include\10.0.19041.0\ucrt\corecrt_wstdio.h(204): message : see declaration of 'errno_t'
C:\Program Files (x86)\Windows Kits\10\Include\10.0.19041.0\ucrt\corecrt_wstdio.h(204,1): warning C4273: 'errno_t': inconsistent dll linkage
C:\Program Files (x86)\Windows Kits\10\Include\10.0.19041.0\ucrt\corecrt_wstdio.h(199,14): message : see previous definition of 'errno_t'
C:\Program Files (x86)\Windows Kits\10\Include\10.0.19041.0\ucrt\corecrt_wstdio.h(204,1): error C2065: '_Size': undeclared identifier
C:\Program Files (x86)\Windows Kits\10\Include\10.0.19041.0\ucrt\corecrt_wstdio.h(208,1): error C4430: missing type specifier - int assumed. Note: C++ does not support default-int
C:\Program Files (x86)\Windows Kits\10\Include\10.0.19041.0\ucrt\corecrt_wstdio.h(208,1): error C2447: '{': missing function header (old-style formal list?)
C:\Program Files (x86)\Windows Kits\10\Include\10.0.19041.0\ucrt\corecrt_wstdio.h(224,21): error C2988: unrecognizable template declaration/definition
C:\Program Files (x86)\Windows Kits\10\Include\10.0.19041.0\ucrt\corecrt_wstdio.h(224,21): error C2143: syntax error: missing ';' before '__cdecl'
C:\Program Files (x86)\Windows Kits\10\Include\10.0.19041.0\ucrt\corecrt_wstdio.h(229,21): error C2988: unrecognizable template declaration/definition
C:\Program Files (x86)\Windows Kits\10\Include\10.0.19041.0\ucrt\corecrt_wstdio.h(229,21): error C2143: syntax error: missing ';' before '__cdecl'
C:\Program Files (x86)\Windows Kits\10\Include\10.0.19041.0\ucrt\corecrt_wstdio.h(235,21): error C2988: unrecognizable template declaration/definition
C:\Program Files (x86)\Windows Kits\10\Include\10.0.19041.0\ucrt\corecrt_wstdio.h(235,21): error C2143: syntax error: missing ';' before '__cdecl'
C:\Program Files (x86)\Windows Kits\10\Include\10.0.19041.0\ucrt\corecrt_wstdio.h(240,21): error C2988: unrecognizable template declaration/definition
C:\Program Files (x86)\Windows Kits\10\Include\10.0.19041.0\ucrt\corecrt_wstdio.h(240,21): error C2143: syntax error: missing ';' before '__cdecl'
C:\Program Files (x86)\Windows Kits\10\Include\10.0.19041.0\ucrt\corecrt_wstdio.h(246,21): error C2988: unrecognizable template declaration/definition
C:\Program Files (x86)\Windows Kits\10\Include\10.0.19041.0\ucrt\corecrt_wstdio.h(246,21): error C2143: syntax error: missing ';' before '__cdecl'
C:\Program Files (x86)\Windows Kits\10\Include\10.0.19041.0\ucrt\corecrt_wstdio.h(247,24): warning C4229: anachronism used: modifiers on data are ignored
C:\Program Files (x86)\Windows Kits\10\Include\10.0.19041.0\ucrt\corecrt_wstdio.h(247,24): error C4430: missing type specifier - int assumed. Note: C++ does not support default-int
C:\Program Files (x86)\Windows Kits\10\Include\10.0.19041.0\ucrt\corecrt_wstdio.h(247,24): error C2146: syntax error: missing ')' before identifier '_Character'
C:\Program Files (x86)\Windows Kits\10\Include\10.0.19041.0\ucrt\corecrt_wstdio.h(276,49): error C2061: syntax error: identifier '_locale_t'
C:\Program Files (x86)\Windows Kits\10\Include\10.0.19041.0\ucrt\corecrt_wstdio.h(285,49): error C2061: syntax error: identifier '_locale_t'
C:\Program Files (x86)\Windows Kits\10\Include\10.0.19041.0\ucrt\corecrt_wstdio.h(294,49): error C2061: syntax error: identifier '_locale_t'
C:\Program Files (x86)\Windows Kits\10\Include\10.0.19041.0\ucrt\corecrt_wstdio.h(302,49): error C2061: syntax error: identifier '_locale_t'
C:\Program Files (x86)\Windows Kits\10\Include\10.0.19041.0\ucrt\corecrt_wstdio.h(308,5): error C2447: '{': missing function header (old-style formal list?)
C:\Program Files (x86)\Windows Kits\10\Include\10.0.19041.0\ucrt\corecrt_wstdio.h(317,39): error C2061: syntax error: identifier 'va_list'
C:\Program Files (x86)\Windows Kits\10\Include\10.0.19041.0\ucrt\corecrt_wstdio.h(322,5): error C2447: '{': missing function header (old-style formal list?)
C:\Program Files (x86)\Windows Kits\10\Include\10.0.19041.0\ucrt\corecrt_wstdio.h(331,49): error C2061: syntax error: identifier '_locale_t'
C:\Program Files (x86)\Windows Kits\10\Include\10.0.19041.0\ucrt\corecrt_wstdio.h(337,5): error C2447: '{': missing function header (old-style formal list?)
C:\Program Files (x86)\Windows Kits\10\Include\10.0.19041.0\ucrt\corecrt_wstdio.h(348,43): error C2061: syntax error: identifier 'va_list'
C:\Program Files (x86)\Windows Kits\10\Include\10.0.19041.0\ucrt\corecrt_wstdio.h(353,9): error C2447: '{': missing function header (old-style formal list?)
C:\Program Files (x86)\Windows Kits\10\Include\10.0.19041.0\ucrt\corecrt_wstdio.h(364,49): error C2061: syntax error: identifier '_locale_t'
C:\Program Files (x86)\Windows Kits\10\Include\10.0.19041.0\ucrt\corecrt_wstdio.h(370,5): error C2447: '{': missing function header (old-style formal list?)
C:\Program Files (x86)\Windows Kits\10\Include\10.0.19041.0\ucrt\corecrt_wstdio.h(379,39): error C2061: syntax error: identifier 'va_list'
C:\Program Files (x86)\Windows Kits\10\Include\10.0.19041.0\ucrt\corecrt_wstdio.h(384,5): error C2447: '{': missing function header (old-style formal list?)
C:\Program Files (x86)\Windows Kits\10\Include\10.0.19041.0\ucrt\corecrt_wstdio.h(392,49): error C2061: syntax error: identifier '_locale_t'
C:\Program Files (x86)\Windows Kits\10\Include\10.0.19041.0\ucrt\corecrt_wstdio.h(398,5): error C2447: '{': missing function header (old-style formal list?)
C:\Program Files (x86)\Windows Kits\10\Include\10.0.19041.0\ucrt\corecrt_wstdio.h(406,39): error C2061: syntax error: identifier 'va_list'
C:\Program Files (x86)\Windows Kits\10\Include\10.0.19041.0\ucrt\corecrt_wstdio.h(411,5): error C2447: '{': missing function header (old-style formal list?)
C:\Program Files (x86)\Windows Kits\10\Include\10.0.19041.0\ucrt\corecrt_wstdio.h(419,49): error C2061: syntax error: identifier '_locale_t'
C:\Program Files (x86)\Windows Kits\10\Include\10.0.19041.0\ucrt\corecrt_wstdio.h(425,5): error C2447: '{': missing function header (old-style formal list?)
C:\Program Files (x86)\Windows Kits\10\Include\10.0.19041.0\ucrt\corecrt_wstdio.h(435,43): error C2061: syntax error: identifier 'va_list'
C:\Program Files (x86)\Windows Kits\10\Include\10.0.19041.0\ucrt\corecrt_wstdio.h(440,9): error C2447: '{': missing function header (old-style formal list?)
C:\Program Files (x86)\Windows Kits\10\Include\10.0.19041.0\ucrt\corecrt_wstdio.h(450,49): error C2061: syntax error: identifier '_locale_t'
C:\Program Files (x86)\Windows Kits\10\Include\10.0.19041.0\ucrt\corecrt_wstdio.h(456,5): error C2447: '{': missing function header (old-style formal list?)
C:\Program Files (x86)\Windows Kits\10\Include\10.0.19041.0\ucrt\corecrt_wstdio.h(464,39): error C2061: syntax error: identifier 'va_list'
C:\Program Files (x86)\Windows Kits\10\Include\10.0.19041.0\ucrt\corecrt_wstdio.h(469,5): error C2447: '{': missing function header (old-style formal list?)
C:\Program Files (x86)\Windows Kits\10\Include\10.0.19041.0\ucrt\corecrt_wstdio.h(478,49): error C2061: syntax error: identifier '_locale_t'
C:\Program Files (x86)\Windows Kits\10\Include\10.0.19041.0\ucrt\corecrt_wstdio.h(483,5): error C2447: '{': missing function header (old-style formal list?)
C:\Program Files (x86)\Windows Kits\10\Include\10.0.19041.0\ucrt\corecrt_wstdio.h(501,5): error C2447: '{': missing function header (old-style formal list?)
C:\Program Files (x86)\Windows Kits\10\Include\10.0.19041.0\ucrt\corecrt_wstdio.h(515,49): error C2061: syntax error: identifier '_locale_t'
C:\Program Files (x86)\Windows Kits\10\Include\10.0.19041.0\ucrt\corecrt_wstdio.h(520,5): error C2447: '{': missing function header (old-style formal list?)
C:\Program Files (x86)\Windows Kits\10\Include\10.0.19041.0\ucrt\corecrt_wstdio.h(540,9): error C2447: '{': missing function header (old-style formal list?)
C:\Program Files (x86)\Windows Kits\10\Include\10.0.19041.0\ucrt\corecrt_wstdio.h(540,9): fatal error C1003: error count exceeds 100; stopping compilation
